25 - 5000 - 10 - 1
gals-1627472240/
25 // 1-8 // 9-16 // 17-25
-=-=-=-=-=-=-
CPU=50-110% - TIME=300 - N=25 - FPS=10 - MS_PER_EVT=125000 - MS=7500000
gals-1627472240/
Frames   (n):   74343  (2973 vs 3000 expected per machine)
Events   (n):      60  (60 expected)
RTT     (ms):    8.59
Latency (fr):    2.48
Drift   (ms):     264  0.00%
Freeze  (fr):       1  0.00%
Late    (ms):   19102  0.25%
XXX ; gals-1627472240/ ; 50-110% ; 300 ; 25 ; 10 ; 125000 ; 7500000 ; 74343 ; 60 ;    8.59 ;    2.48 ; 264;0.00 ; 1;0.00 ; 19102;0.25 


25 - 5000 - 25 - 1
gals-1627472548/
25 // 1-8 // 9-16 // 17-25
-=-=-=-=-=-=-
CPU=50-110% - TIME=300 - N=25 - FPS=25 - MS_PER_EVT=125000 - MS=7500000
gals-1627472548/
Frames   (n):  186128  (7445 vs 7500 expected per machine)
Events   (n):      56  (60 expected)
RTT     (ms):    7.73
Latency (fr):    2.88
Drift   (ms):   10243  0.14%
Freeze  (fr):     272  0.15%
Late    (ms):   47644  0.64%
XXX ; gals-1627472548/ ; 50-110% ; 300 ; 25 ; 25 ; 125000 ; 7500000 ; 186128 ; 56 ;    7.73 ;    2.88 ; 10243;0.14 ; 272;0.15 ; 47644;0.64 


25 - 5000 - 50 - 1
gals-1627472856/
25 // 1-8 // 9-16 // 17-25
-=-=-=-=-=-=-
CPU=50-110% - TIME=300 - N=25 - FPS=50 - MS_PER_EVT=125000 - MS=7500000
gals-1627472856/
Frames   (n):  372459  (14898 vs 15000 expected per machine)
Events   (n):      61  (60 expected)
RTT     (ms):    8.07
Latency (fr):    3.62
Drift   (ms):   14722  0.20%
Freeze  (fr):    1111  0.30%
Late    (ms):   96009  1.28%
XXX ; gals-1627472856/ ; 50-110% ; 300 ; 25 ; 50 ; 125000 ; 7500000 ; 372459 ; 61 ;    8.07 ;    3.62 ; 14722;0.20 ; 1111;0.30 ; 96009;1.28 


25 - 5000 - 100 - 1
gals-1627473166/
25 // 1-8 // 9-16 // 17-25
-=-=-=-=-=-=-
CPU=50-110% - TIME=300 - N=25 - FPS=100 - MS_PER_EVT=125000 - MS=7500000
gals-1627473166/
Frames   (n):  744029  (29761 vs 30000 expected per machine)
Events   (n):      48  (60 expected)
RTT     (ms):    8.25
Latency (fr):    5.10
Drift   (ms):    5388  0.07%
Freeze  (fr):    2622  0.35%
Late    (ms):  183993  2.45%
XXX ; gals-1627473166/ ; 50-110% ; 300 ; 25 ; 100 ; 125000 ; 7500000 ; 744029 ; 48 ;    8.25 ;    5.10 ; 5388;0.07 ; 2622;0.35 ; 183993;2.45 


25 - 1000 - 10 - 1
gals-1627473478/
25 // 1-8 // 9-16 // 17-25
-=-=-=-=-=-=-
CPU=50-110% - TIME=300 - N=25 - FPS=10 - MS_PER_EVT=25000 - MS=7500000
gals-1627473478/
Frames   (n):   74358  (2974 vs 3000 expected per machine)
Events   (n):     290  (300 expected)
RTT     (ms):    8.08
Latency (fr):    2.37
Drift   (ms):    1352  0.02%
Freeze  (fr):       0  0.00%
Late    (ms):   20332  0.27%
XXX ; gals-1627473478/ ; 50-110% ; 300 ; 25 ; 10 ; 25000 ; 7500000 ; 74358 ; 290 ;    8.08 ;    2.37 ; 1352;0.02 ; 0;0.00 ; 20332;0.27 


25 - 1000 - 25 - 1
gals-1627473786/
25 // 1-8 // 9-16 // 17-25
-=-=-=-=-=-=-
CPU=50-110% - TIME=300 - N=25 - FPS=25 - MS_PER_EVT=25000 - MS=7500000
gals-1627473786/
Frames   (n):  186238  (7449 vs 7500 expected per machine)
Events   (n):     291  (300 expected)
RTT     (ms):    7.68
Latency (fr):    2.51
Drift   (ms):   16948  0.23%
Freeze  (fr):     370  0.20%
Late    (ms):   52742  0.70%
XXX ; gals-1627473786/ ; 50-110% ; 300 ; 25 ; 25 ; 25000 ; 7500000 ; 186238 ; 291 ;    7.68 ;    2.51 ; 16948;0.23 ; 370;0.20 ; 52742;0.70 


25 - 1000 - 50 - 1
gals-1627474095/
25 // 1-8 // 9-16 // 17-25
-=-=-=-=-=-=-
CPU=50-110% - TIME=300 - N=25 - FPS=50 - MS_PER_EVT=25000 - MS=7500000
gals-1627474095/
Frames   (n):  372924  (14916 vs 15000 expected per machine)
Events   (n):     287  (300 expected)
RTT     (ms):    7.14
Latency (fr):    2.93
Drift   (ms):   25128  0.34%
Freeze  (fr):    3019  0.81%
Late    (ms):   99372  1.32%
XXX ; gals-1627474095/ ; 50-110% ; 300 ; 25 ; 50 ; 25000 ; 7500000 ; 372924 ; 287 ;    7.14 ;    2.93 ; 25128;0.34 ; 3019;0.81 ; 99372;1.32 


25 - 1000 - 100 - 1
gals-1627474405/
25 // 1-8 // 9-16 // 17-25
-=-=-=-=-=-=-
CPU=50-110% - TIME=300 - N=25 - FPS=100 - MS_PER_EVT=25000 - MS=7500000
gals-1627474405/
Frames   (n):  749106  (29964 vs 30000 expected per machine)
Events   (n):     293  (300 expected)
RTT     (ms):    6.88
Latency (fr):    5.35
Drift   (ms):   59677  0.80%
Freeze  (fr):    8250  1.10%
Late    (ms):  184134  2.46%
XXX ; gals-1627474405/ ; 50-110% ; 300 ; 25 ; 100 ; 25000 ; 7500000 ; 749106 ; 293 ;    6.88 ;    5.35 ; 59677;0.80 ; 8250;1.10 ; 184134;2.46 


25 - 500 - 10 - 1
gals-1627474717/
25 // 1-8 // 9-16 // 17-25
-=-=-=-=-=-=-
CPU=50-110% - TIME=300 - N=25 - FPS=10 - MS_PER_EVT=12500 - MS=7500000
gals-1627474717/
Frames   (n):   74404  (2976 vs 3000 expected per machine)
Events   (n):     590  (600 expected)
RTT     (ms):    9.10
Latency (fr):    2.47
Drift   (ms):    5748  0.08%
Freeze  (fr):       0  0.00%
Late    (ms):   23499  0.31%
XXX ; gals-1627474717/ ; 50-110% ; 300 ; 25 ; 10 ; 12500 ; 7500000 ; 74404 ; 590 ;    9.10 ;    2.47 ; 5748;0.08 ; 0;0.00 ; 23499;0.31 


25 - 500 - 25 - 1
gals-1627475024/
25 // 1-8 // 9-16 // 17-25
-=-=-=-=-=-=-
CPU=50-110% - TIME=300 - N=25 - FPS=25 - MS_PER_EVT=12500 - MS=7500000
gals-1627475024/
Frames   (n):  186299  (7451 vs 7500 expected per machine)
Events   (n):     587  (600 expected)
RTT     (ms):    9.63
Latency (fr):    2.39
Drift   (ms):   22205  0.30%
Freeze  (fr):     407  0.22%
Late    (ms):   60051  0.80%
XXX ; gals-1627475024/ ; 50-110% ; 300 ; 25 ; 25 ; 12500 ; 7500000 ; 186299 ; 587 ;    9.63 ;    2.39 ; 22205;0.30 ; 407;0.22 ; 60051;0.80 


25 - 500 - 50 - 1
gals-1627475332/
25 // 1-8 // 9-16 // 17-25
-=-=-=-=-=-=-
CPU=50-110% - TIME=300 - N=25 - FPS=50 - MS_PER_EVT=12500 - MS=7500000
gals-1627475332/
Frames   (n):  373840  (14953 vs 15000 expected per machine)
Events   (n):     562  (600 expected)
RTT     (ms):    7.46
Latency (fr):    2.98
Drift   (ms):   45150  0.60%
Freeze  (fr):    4885  1.31%
Late    (ms):  104470  1.39%
XXX ; gals-1627475332/ ; 50-110% ; 300 ; 25 ; 50 ; 12500 ; 7500000 ; 373840 ; 562 ;    7.46 ;    2.98 ; 45150;0.60 ; 4885;1.31 ; 104470;1.39 


25 - 500 - 100 - 1
gals-1627475642/
25 // 1-8 // 9-16 // 17-25
-=-=-=-=-=-=-
CPU=50-110% - TIME=300 - N=25 - FPS=100 - MS_PER_EVT=12500 - MS=7500000
gals-1627475642/
Frames   (n):  753030  (30121 vs 30000 expected per machine)
Events   (n):     616  (600 expected)
RTT     (ms):   10.05
Latency (fr):    5.29
Drift   (ms):  110766  1.48%
Freeze  (fr):   15692  2.08%
Late    (ms):  185503  2.47%
XXX ; gals-1627475642/ ; 50-110% ; 300 ; 25 ; 100 ; 12500 ; 7500000 ; 753030 ; 616 ;   10.05 ;    5.29 ; 110766;1.48 ; 15692;2.08 ; 185503;2.47 


25 - 250 - 10 - 1
gals-1627475955/
25 // 1-8 // 9-16 // 17-25
-=-=-=-=-=-=-
CPU=50-110% - TIME=300 - N=25 - FPS=10 - MS_PER_EVT=6250 - MS=7500000
gals-1627475955/
Frames   (n):   74460  (2978 vs 3000 expected per machine)
Events   (n):    1190  (1200 expected)
RTT     (ms):   11.49
Latency (fr):    2.60
Drift   (ms):   19879  0.27%
Freeze  (fr):       2  0.00%
Late    (ms):   27611  0.37%
XXX ; gals-1627475955/ ; 50-110% ; 300 ; 25 ; 10 ; 6250 ; 7500000 ; 74460 ; 1190 ;   11.49 ;    2.60 ; 19879;0.27 ; 2;0.00 ; 27611;0.37 


25 - 250 - 25 - 1
gals-1627476263/
25 // 1-8 // 9-16 // 17-25
-=-=-=-=-=-=-
CPU=50-110% - TIME=300 - N=25 - FPS=25 - MS_PER_EVT=6250 - MS=7500000
gals-1627476263/
Frames   (n):  187083  (7483 vs 7500 expected per machine)
Events   (n):    1201  (1200 expected)
RTT     (ms):   15.03
Latency (fr):    2.66
Drift   (ms):   81930  1.09%
Freeze  (fr):     541  0.29%
Late    (ms):   71117  0.95%
XXX ; gals-1627476263/ ; 50-110% ; 300 ; 25 ; 25 ; 6250 ; 7500000 ; 187083 ; 1201 ;   15.03 ;    2.66 ; 81930;1.09 ; 541;0.29 ; 71117;0.95 


25 - 250 - 50 - 1
gals-1627476571/
25 // 1-8 // 9-16 // 17-25
-=-=-=-=-=-=-
CPU=50-110% - TIME=300 - N=25 - FPS=50 - MS_PER_EVT=6250 - MS=7500000
gals-1627476571/
Frames   (n):  378224  (15128 vs 15000 expected per machine)
Events   (n):    1182  (1200 expected)
RTT     (ms):   11.32
Latency (fr):    3.59
Drift   (ms):  199162  2.66%
Freeze  (fr):    9655  2.55%
Late    (ms):  111778  1.49%
XXX ; gals-1627476571/ ; 50-110% ; 300 ; 25 ; 50 ; 6250 ; 7500000 ; 378224 ; 1182 ;   11.32 ;    3.59 ; 199162;2.66 ; 9655;2.55 ; 111778;1.49 


25 - 250 - 100 - 1
gals-1627476881/
25 // 1-8 // 9-16 // 17-25
-=-=-=-=-=-=-
CPU=50-110% - TIME=300 - N=25 - FPS=100 - MS_PER_EVT=6250 - MS=7500000
gals-1627476881/
Frames   (n):  759809  (30392 vs 30000 expected per machine)
Events   (n):    1208  (1200 expected)
RTT     (ms):   10.25
Latency (fr):    5.72
Drift   (ms):  229732  3.06%
Freeze  (fr):   26457  3.48%
Late    (ms):  190337  2.54%
XXX ; gals-1627476881/ ; 50-110% ; 300 ; 25 ; 100 ; 6250 ; 7500000 ; 759809 ; 1208 ;   10.25 ;    5.72 ; 229732;3.06 ; 26457;3.48 ; 190337;2.54 


25 - 5000 - 10 - 2
gals-1627477193/
25 // 1-8 // 9-16 // 17-25
-=-=-=-=-=-=-
CPU=50-110% - TIME=300 - N=25 - FPS=10 - MS_PER_EVT=125000 - MS=7500000
gals-1627477193/
Frames   (n):   74365  (2974 vs 3000 expected per machine)
Events   (n):      50  (60 expected)
RTT     (ms):    8.32
Latency (fr):    2.42
Drift   (ms):     330  0.00%
Freeze  (fr):       0  0.00%
Late    (ms):   19271  0.26%
XXX ; gals-1627477193/ ; 50-110% ; 300 ; 25 ; 10 ; 125000 ; 7500000 ; 74365 ; 50 ;    8.32 ;    2.42 ; 330;0.00 ; 0;0.00 ; 19271;0.26 


25 - 5000 - 25 - 2
gals-1627477501/
25 // 1-8 // 9-16 // 17-25
-=-=-=-=-=-=-
CPU=50-110% - TIME=300 - N=25 - FPS=25 - MS_PER_EVT=125000 - MS=7500000
gals-1627477501/
Frames   (n):  186060  (7442 vs 7500 expected per machine)
Events   (n):      50  (60 expected)
RTT     (ms):    7.71
Latency (fr):    2.76
Drift   (ms):    7221  0.10%
Freeze  (fr):     219  0.12%
Late    (ms):   46350  0.62%
XXX ; gals-1627477501/ ; 50-110% ; 300 ; 25 ; 25 ; 125000 ; 7500000 ; 186060 ; 50 ;    7.71 ;    2.76 ; 7221;0.10 ; 219;0.12 ; 46350;0.62 


25 - 5000 - 50 - 2
gals-1627477810/
25 // 1-8 // 9-16 // 17-25
-=-=-=-=-=-=-
CPU=50-110% - TIME=300 - N=25 - FPS=50 - MS_PER_EVT=125000 - MS=7500000
gals-1627477810/
Frames   (n):  372206  (14888 vs 15000 expected per machine)
Events   (n):      55  (60 expected)
RTT     (ms):    7.53
Latency (fr):    3.31
Drift   (ms):    9006  0.12%
Freeze  (fr):    1041  0.28%
Late    (ms):   95236  1.27%
XXX ; gals-1627477810/ ; 50-110% ; 300 ; 25 ; 50 ; 125000 ; 7500000 ; 372206 ; 55 ;    7.53 ;    3.31 ; 9006;0.12 ; 1041;0.28 ; 95236;1.27 


25 - 5000 - 100 - 2
gals-1627478120/
25 // 1-8 // 9-16 // 17-25
-=-=-=-=-=-=-
CPU=50-110% - TIME=300 - N=25 - FPS=100 - MS_PER_EVT=125000 - MS=7500000
gals-1627478120/
Frames   (n):  743995  (29759 vs 30000 expected per machine)
Events   (n):      49  (60 expected)
RTT     (ms):    7.54
Latency (fr):    4.71
Drift   (ms):    5704  0.08%
Freeze  (fr):    2921  0.39%
Late    (ms):  181727  2.42%
XXX ; gals-1627478120/ ; 50-110% ; 300 ; 25 ; 100 ; 125000 ; 7500000 ; 743995 ; 49 ;    7.54 ;    4.71 ; 5704;0.08 ; 2921;0.39 ; 181727;2.42 


25 - 1000 - 10 - 2
gals-1627478433/
25 // 1-8 // 9-16 // 17-25
-=-=-=-=-=-=-
CPU=50-110% - TIME=300 - N=25 - FPS=10 - MS_PER_EVT=25000 - MS=7500000
gals-1627478433/
Frames   (n):   74368  (2974 vs 3000 expected per machine)
Events   (n):     298  (300 expected)
RTT     (ms):    7.49
Latency (fr):    2.35
Drift   (ms):    1964  0.03%
Freeze  (fr):       0  0.00%
Late    (ms):   20472  0.27%
XXX ; gals-1627478433/ ; 50-110% ; 300 ; 25 ; 10 ; 25000 ; 7500000 ; 74368 ; 298 ;    7.49 ;    2.35 ; 1964;0.03 ; 0;0.00 ; 20472;0.27 


25 - 1000 - 25 - 2
gals-1627478740/
25 // 1-8 // 9-16 // 17-25
-=-=-=-=-=-=-
CPU=50-110% - TIME=300 - N=25 - FPS=25 - MS_PER_EVT=25000 - MS=7500000
gals-1627478740/
Frames   (n):  186207  (7448 vs 7500 expected per machine)
Events   (n):     297  (300 expected)
RTT     (ms):    7.51
Latency (fr):    2.57
Drift   (ms):   16924  0.23%
Freeze  (fr):     394  0.21%
Late    (ms):   51549  0.69%
XXX ; gals-1627478740/ ; 50-110% ; 300 ; 25 ; 25 ; 25000 ; 7500000 ; 186207 ; 297 ;    7.51 ;    2.57 ; 16924;0.23 ; 394;0.21 ; 51549;0.69 


25 - 1000 - 50 - 2
gals-1627479049/
25 // 1-8 // 9-16 // 17-25
-=-=-=-=-=-=-
CPU=50-110% - TIME=300 - N=25 - FPS=50 - MS_PER_EVT=25000 - MS=7500000
gals-1627479049/
Frames   (n):  372526  (14901 vs 15000 expected per machine)
Events   (n):     278  (300 expected)
RTT     (ms):    7.53
Latency (fr):    2.95
Drift   (ms):   16842  0.22%
Freeze  (fr):    2778  0.75%
Late    (ms):   99646  1.33%
XXX ; gals-1627479049/ ; 50-110% ; 300 ; 25 ; 50 ; 25000 ; 7500000 ; 372526 ; 278 ;    7.53 ;    2.95 ; 16842;0.22 ; 2778;0.75 ; 99646;1.33 


25 - 1000 - 100 - 2
gals-1627479358/
25 // 1-8 // 9-16 // 17-25
-=-=-=-=-=-=-
CPU=50-110% - TIME=300 - N=25 - FPS=100 - MS_PER_EVT=25000 - MS=7500000
gals-1627479358/
Frames   (n):  746464  (29858 vs 30000 expected per machine)
Events   (n):     307  (300 expected)
RTT     (ms):    9.24
Latency (fr):    4.86
Drift   (ms):   31655  0.42%
Freeze  (fr):    8447  1.13%
Late    (ms):  185290  2.47%
XXX ; gals-1627479358/ ; 50-110% ; 300 ; 25 ; 100 ; 25000 ; 7500000 ; 746464 ; 307 ;    9.24 ;    4.86 ; 31655;0.42 ; 8447;1.13 ; 185290;2.47 


25 - 500 - 10 - 2
gals-1627479671/
25 // 1-8 // 9-16 // 17-25
-=-=-=-=-=-=-
CPU=50-110% - TIME=300 - N=25 - FPS=10 - MS_PER_EVT=12500 - MS=7500000
gals-1627479671/
Frames   (n):   74383  (2975 vs 3000 expected per machine)
Events   (n):     602  (600 expected)
RTT     (ms):    7.34
Latency (fr):    2.38
Drift   (ms):    3104  0.04%
Freeze  (fr):       0  0.00%
Late    (ms):   22911  0.31%
XXX ; gals-1627479671/ ; 50-110% ; 300 ; 25 ; 10 ; 12500 ; 7500000 ; 74383 ; 602 ;    7.34 ;    2.38 ; 3104;0.04 ; 0;0.00 ; 22911;0.31 


25 - 500 - 25 - 2
gals-1627479978/
25 // 1-8 // 9-16 // 17-25
-=-=-=-=-=-=-
CPU=50-110% - TIME=300 - N=25 - FPS=25 - MS_PER_EVT=12500 - MS=7500000
gals-1627479978/
Frames   (n):  186215  (7448 vs 7500 expected per machine)
Events   (n):     560  (600 expected)
RTT     (ms):    8.44
Latency (fr):    2.46
Drift   (ms):   18575  0.25%
Freeze  (fr):     633  0.34%
Late    (ms):   58505  0.78%
XXX ; gals-1627479978/ ; 50-110% ; 300 ; 25 ; 25 ; 12500 ; 7500000 ; 186215 ; 560 ;    8.44 ;    2.46 ; 18575;0.25 ; 633;0.34 ; 58505;0.78 


25 - 500 - 50 - 2
gals-1627480287/
25 // 1-8 // 9-16 // 17-25
-=-=-=-=-=-=-
CPU=50-110% - TIME=300 - N=25 - FPS=50 - MS_PER_EVT=12500 - MS=7500000
gals-1627480287/
Frames   (n):  374294  (14971 vs 15000 expected per machine)
Events   (n):     561  (600 expected)
RTT     (ms):    9.36
Latency (fr):    3.06
Drift   (ms):   59592  0.79%
Freeze  (fr):    5273  1.41%
Late    (ms):  103038  1.37%
XXX ; gals-1627480287/ ; 50-110% ; 300 ; 25 ; 50 ; 12500 ; 7500000 ; 374294 ; 561 ;    9.36 ;    3.06 ; 59592;0.79 ; 5273;1.41 ; 103038;1.37 


25 - 500 - 100 - 2
gals-1627480597/
25 // 1-8 // 9-16 // 17-25
-=-=-=-=-=-=-
CPU=50-110% - TIME=300 - N=25 - FPS=100 - MS_PER_EVT=12500 - MS=7500000
gals-1627480597/
Frames   (n):  750508  (30020 vs 30000 expected per machine)
Events   (n):     596  (600 expected)
RTT     (ms):    9.61
Latency (fr):    5.08
Drift   (ms):   83728  1.12%
Freeze  (fr):   14276  1.90%
Late    (ms):  185974  2.48%
XXX ; gals-1627480597/ ; 50-110% ; 300 ; 25 ; 100 ; 12500 ; 7500000 ; 750508 ; 596 ;    9.61 ;    5.08 ; 83728;1.12 ; 14276;1.90 ; 185974;2.48 


25 - 250 - 10 - 2
gals-1627480909/
25 // 1-8 // 9-16 // 17-25
-=-=-=-=-=-=-
CPU=50-110% - TIME=300 - N=25 - FPS=10 - MS_PER_EVT=6250 - MS=7500000
gals-1627480909/
Frames   (n):   74392  (2975 vs 3000 expected per machine)
Events   (n):    1214  (1200 expected)
RTT     (ms):    8.05
Latency (fr):    2.63
Drift   (ms):    8341  0.11%
Freeze  (fr):       0  0.00%
Late    (ms):   28672  0.38%
XXX ; gals-1627480909/ ; 50-110% ; 300 ; 25 ; 10 ; 6250 ; 7500000 ; 74392 ; 1214 ;    8.05 ;    2.63 ; 8341;0.11 ; 0;0.00 ; 28672;0.38 


25 - 250 - 25 - 2
gals-1627481217/
25 // 1-8 // 9-16 // 17-25
-=-=-=-=-=-=-
CPU=50-110% - TIME=300 - N=25 - FPS=25 - MS_PER_EVT=6250 - MS=7500000
gals-1627481217/
Frames   (n):  186976  (7479 vs 7500 expected per machine)
Events   (n):    1190  (1200 expected)
RTT     (ms):   11.98
Latency (fr):    2.59
Drift   (ms):   72710  0.97%
Freeze  (fr):     364  0.19%
Late    (ms):   70584  0.94%
XXX ; gals-1627481217/ ; 50-110% ; 300 ; 25 ; 25 ; 6250 ; 7500000 ; 186976 ; 1190 ;   11.98 ;    2.59 ; 72710;0.97 ; 364;0.19 ; 70584;0.94 


25 - 250 - 50 - 2
gals-1627481525/
25 // 1-8 // 9-16 // 17-25
-=-=-=-=-=-=-
CPU=50-110% - TIME=300 - N=25 - FPS=50 - MS_PER_EVT=6250 - MS=7500000
gals-1627481525/
Frames   (n):  375512  (15020 vs 15000 expected per machine)
Events   (n):    1181  (1200 expected)
RTT     (ms):    9.68
Latency (fr):    3.20
Drift   (ms):  106056  1.41%
Freeze  (fr):    9348  2.49%
Late    (ms):  113788  1.52%
XXX ; gals-1627481525/ ; 50-110% ; 300 ; 25 ; 50 ; 6250 ; 7500000 ; 375512 ; 1181 ;    9.68 ;    3.20 ; 106056;1.41 ; 9348;2.49 ; 113788;1.52 


25 - 250 - 100 - 2
gals-1627481836/
25 // 1-8 // 9-16 // 17-25
-=-=-=-=-=-=-
CPU=50-110% - TIME=300 - N=25 - FPS=100 - MS_PER_EVT=6250 - MS=7500000
gals-1627481836/
Frames   (n):  759019  (30360 vs 30000 expected per machine)
Events   (n):    1196  (1200 expected)
RTT     (ms):    8.93
Latency (fr):    5.61
Drift   (ms):  210480  2.81%
Freeze  (fr):   24347  3.21%
Late    (ms):  187727  2.50%
XXX ; gals-1627481836/ ; 50-110% ; 300 ; 25 ; 100 ; 6250 ; 7500000 ; 759019 ; 1196 ;    8.93 ;    5.61 ; 210480;2.81 ; 24347;3.21 ; 187727;2.50 


25 - 5000 - 10 - 3
gals-1627482149/
25 // 1-8 // 9-16 // 17-25
-=-=-=-=-=-=-
CPU=50-110% - TIME=300 - N=25 - FPS=10 - MS_PER_EVT=125000 - MS=7500000
gals-1627482149/
Frames   (n):   74325  (2973 vs 3000 expected per machine)
Events   (n):      43  (60 expected)
RTT     (ms):    7.80
Latency (fr):    2.47
Drift   (ms):     122  0.00%
Freeze  (fr):       0  0.00%
Late    (ms):   18153  0.24%
XXX ; gals-1627482149/ ; 50-110% ; 300 ; 25 ; 10 ; 125000 ; 7500000 ; 74325 ; 43 ;    7.80 ;    2.47 ; 122;0.00 ; 0;0.00 ; 18153;0.24 


25 - 5000 - 25 - 3
gals-1627482479/
25 // 1-8 // 9-16 // 17-25
-=-=-=-=-=-=-
CPU=50-110% - TIME=300 - N=25 - FPS=25 - MS_PER_EVT=125000 - MS=7500000
gals-1627482479/
Frames   (n):  186074  (7442 vs 7500 expected per machine)
Events   (n):      51  (60 expected)
RTT     (ms):    7.85
Latency (fr):    2.82
Drift   (ms):   10218  0.14%
Freeze  (fr):     275  0.15%
Late    (ms):   45869  0.61%
XXX ; gals-1627482479/ ; 50-110% ; 300 ; 25 ; 25 ; 125000 ; 7500000 ; 186074 ; 51 ;    7.85 ;    2.82 ; 10218;0.14 ; 275;0.15 ; 45869;0.61 


25 - 5000 - 50 - 3
gals-1627482788/
25 // 1-8 // 9-16 // 17-25
-=-=-=-=-=-=-
CPU=50-110% - TIME=300 - N=25 - FPS=50 - MS_PER_EVT=125000 - MS=7500000
gals-1627482788/
Frames   (n):  372383  (14895 vs 15000 expected per machine)
Events   (n):      60  (60 expected)
RTT     (ms):    7.97
Latency (fr):    3.43
Drift   (ms):   12925  0.17%
Freeze  (fr):     999  0.27%
Late    (ms):   94835  1.26%
XXX ; gals-1627482788/ ; 50-110% ; 300 ; 25 ; 50 ; 125000 ; 7500000 ; 372383 ; 60 ;    7.97 ;    3.43 ; 12925;0.17 ; 999;0.27 ; 94835;1.26 


25 - 5000 - 100 - 3
gals-1627483098/
25 // 1-8 // 9-16 // 17-25
-=-=-=-=-=-=-
CPU=50-110% - TIME=300 - N=25 - FPS=100 - MS_PER_EVT=125000 - MS=7500000
gals-1627483098/
Frames   (n):  744692  (29787 vs 30000 expected per machine)
Events   (n):      54  (60 expected)
RTT     (ms):    8.29
Latency (fr):    5.43
Drift   (ms):   11846  0.16%
Freeze  (fr):    2634  0.35%
Late    (ms):  180549  2.41%
XXX ; gals-1627483098/ ; 50-110% ; 300 ; 25 ; 100 ; 125000 ; 7500000 ; 744692 ; 54 ;    8.29 ;    5.43 ; 11846;0.16 ; 2634;0.35 ; 180549;2.41 


25 - 1000 - 10 - 3
gals-1627483411/
25 // 1-8 // 9-16 // 17-25
-=-=-=-=-=-=-
CPU=50-110% - TIME=300 - N=25 - FPS=10 - MS_PER_EVT=25000 - MS=7500000
gals-1627483411/
Frames   (n):   74367  (2974 vs 3000 expected per machine)
Events   (n):     314  (300 expected)
RTT     (ms):    8.36
Latency (fr):    2.38
Drift   (ms):     771  0.01%
Freeze  (fr):       0  0.00%
Late    (ms):   21122  0.28%
XXX ; gals-1627483411/ ; 50-110% ; 300 ; 25 ; 10 ; 25000 ; 7500000 ; 74367 ; 314 ;    8.36 ;    2.38 ; 771;0.01 ; 0;0.00 ; 21122;0.28 


25 - 1000 - 25 - 3
gals-1627483724/
25 // 1-8 // 9-16 // 17-25
-=-=-=-=-=-=-
CPU=50-110% - TIME=300 - N=25 - FPS=25 - MS_PER_EVT=25000 - MS=7500000
gals-1627483724/
Frames   (n):  186239  (7449 vs 7500 expected per machine)
Events   (n):     289  (300 expected)
RTT     (ms):    8.08
Latency (fr):    2.59
Drift   (ms):   16881  0.23%
Freeze  (fr):     434  0.23%
Late    (ms):   52488  0.70%
XXX ; gals-1627483724/ ; 50-110% ; 300 ; 25 ; 25 ; 25000 ; 7500000 ; 186239 ; 289 ;    8.08 ;    2.59 ; 16881;0.23 ; 434;0.23 ; 52488;0.70 


25 - 1000 - 50 - 3
gals-1627484033/
25 // 1-8 // 9-16 // 17-25
-=-=-=-=-=-=-
CPU=50-110% - TIME=300 - N=25 - FPS=50 - MS_PER_EVT=25000 - MS=7500000
gals-1627484033/
Frames   (n):  372618  (14904 vs 15000 expected per machine)
Events   (n):     283  (300 expected)
RTT     (ms):    7.02
Latency (fr):    2.96
Drift   (ms):   18677  0.25%
Freeze  (fr):    2839  0.76%
Late    (ms):   97193  1.30%
XXX ; gals-1627484033/ ; 50-110% ; 300 ; 25 ; 50 ; 25000 ; 7500000 ; 372618 ; 283 ;    7.02 ;    2.96 ; 18677;0.25 ; 2839;0.76 ; 97193;1.30 


25 - 1000 - 100 - 3
gals-1627484343/
25 // 1-8 // 9-16 // 17-25
-=-=-=-=-=-=-
CPU=50-110% - TIME=300 - N=25 - FPS=100 - MS_PER_EVT=25000 - MS=7500000
gals-1627484343/
Frames   (n):  746770  (29870 vs 30000 expected per machine)
Events   (n):     287  (300 expected)
RTT     (ms):    7.69
Latency (fr):    4.91
Drift   (ms):   36321  0.48%
Freeze  (fr):    7563  1.01%
Late    (ms):  182098  2.43%
XXX ; gals-1627484343/ ; 50-110% ; 300 ; 25 ; 100 ; 25000 ; 7500000 ; 746770 ; 287 ;    7.69 ;    4.91 ; 36321;0.48 ; 7563;1.01 ; 182098;2.43 


25 - 500 - 10 - 3
gals-1627484655/
25 // 1-8 // 9-16 // 17-25
-=-=-=-=-=-=-
CPU=50-110% - TIME=300 - N=25 - FPS=10 - MS_PER_EVT=12500 - MS=7500000
gals-1627484655/
Frames   (n):   74400  (2976 vs 3000 expected per machine)
Events   (n):     601  (600 expected)
RTT     (ms):    9.44
Latency (fr):    2.43
Drift   (ms):    5904  0.08%
Freeze  (fr):       0  0.00%
Late    (ms):   23069  0.31%
XXX ; gals-1627484655/ ; 50-110% ; 300 ; 25 ; 10 ; 12500 ; 7500000 ; 74400 ; 601 ;    9.44 ;    2.43 ; 5904;0.08 ; 0;0.00 ; 23069;0.31 


25 - 500 - 25 - 3
gals-1627484965/
25 // 1-8 // 9-16 // 17-25
-=-=-=-=-=-=-
CPU=50-110% - TIME=300 - N=25 - FPS=25 - MS_PER_EVT=12500 - MS=7500000
gals-1627484965/
Frames   (n):  186404  (7456 vs 7500 expected per machine)
Events   (n):     595  (600 expected)
RTT     (ms):    8.44
Latency (fr):    2.45
Drift   (ms):   28954  0.39%
Freeze  (fr):     447  0.24%
Late    (ms):   57383  0.77%
XXX ; gals-1627484965/ ; 50-110% ; 300 ; 25 ; 25 ; 12500 ; 7500000 ; 186404 ; 595 ;    8.44 ;    2.45 ; 28954;0.39 ; 447;0.24 ; 57383;0.77 


25 - 500 - 50 - 3
gals-1627485274/
25 // 1-8 // 9-16 // 17-25
-=-=-=-=-=-=-
CPU=50-110% - TIME=300 - N=25 - FPS=50 - MS_PER_EVT=12500 - MS=7500000
gals-1627485274/
Frames   (n):  373935  (14957 vs 15000 expected per machine)
Events   (n):     605  (600 expected)
RTT     (ms):    8.17
Latency (fr):    3.00
Drift   (ms):   54089  0.72%
Freeze  (fr):    5157  1.38%
Late    (ms):  104349  1.39%
XXX ; gals-1627485274/ ; 50-110% ; 300 ; 25 ; 50 ; 12500 ; 7500000 ; 373935 ; 605 ;    8.17 ;    3.00 ; 54089;0.72 ; 5157;1.38 ; 104349;1.39 


25 - 500 - 100 - 3
gals-1627485583/
25 // 1-8 // 9-16 // 17-25
-=-=-=-=-=-=-
CPU=50-110% - TIME=300 - N=25 - FPS=100 - MS_PER_EVT=12500 - MS=7500000
gals-1627485583/
Frames   (n):  752526  (30101 vs 30000 expected per machine)
Events   (n):     570  (600 expected)
RTT     (ms):    9.19
Latency (fr):    5.39
Drift   (ms):  107564  1.43%
Freeze  (fr):   14272  1.90%
Late    (ms):  185039  2.47%
XXX ; gals-1627485583/ ; 50-110% ; 300 ; 25 ; 100 ; 12500 ; 7500000 ; 752526 ; 570 ;    9.19 ;    5.39 ; 107564;1.43 ; 14272;1.90 ; 185039;2.47 


25 - 250 - 10 - 3
gals-1627485895/
25 // 1-8 // 9-16 // 17-25
-=-=-=-=-=-=-
CPU=50-110% - TIME=300 - N=25 - FPS=10 - MS_PER_EVT=6250 - MS=7500000
gals-1627485895/
Frames   (n):   74392  (2975 vs 3000 expected per machine)
Events   (n):    1218  (1200 expected)
RTT     (ms):    8.97
Latency (fr):    2.63
Drift   (ms):    6814  0.09%
Freeze  (fr):       0  0.00%
Late    (ms):   26968  0.36%
XXX ; gals-1627485895/ ; 50-110% ; 300 ; 25 ; 10 ; 6250 ; 7500000 ; 74392 ; 1218 ;    8.97 ;    2.63 ; 6814;0.09 ; 0;0.00 ; 26968;0.36 


25 - 250 - 25 - 3
gals-1627486203/
25 // 1-8 // 9-16 // 17-25
-=-=-=-=-=-=-
CPU=50-110% - TIME=300 - N=25 - FPS=25 - MS_PER_EVT=6250 - MS=7500000
gals-1627486203/
Frames   (n):  186854  (7474 vs 7500 expected per machine)
Events   (n):    1208  (1200 expected)
RTT     (ms):   12.44
Latency (fr):    2.58
Drift   (ms):   60166  0.80%
Freeze  (fr):     385  0.21%
Late    (ms):   71382  0.95%
XXX ; gals-1627486203/ ; 50-110% ; 300 ; 25 ; 25 ; 6250 ; 7500000 ; 186854 ; 1208 ;   12.44 ;    2.58 ; 60166;0.80 ; 385;0.21 ; 71382;0.95 


25 - 250 - 50 - 3
gals-1627486512/
25 // 1-8 // 9-16 // 17-25
-=-=-=-=-=-=-
CPU=50-110% - TIME=300 - N=25 - FPS=50 - MS_PER_EVT=6250 - MS=7500000
gals-1627486512/
Frames   (n):  377683  (15107 vs 15000 expected per machine)
Events   (n):    1148  (1200 expected)
RTT     (ms):   10.20
Latency (fr):    3.62
Drift   (ms):  180587  2.41%
Freeze  (fr):    8286  2.19%
Late    (ms):  112037  1.49%
XXX ; gals-1627486512/ ; 50-110% ; 300 ; 25 ; 50 ; 6250 ; 7500000 ; 377683 ; 1148 ;   10.20 ;    3.62 ; 180587;2.41 ; 8286;2.19 ; 112037;1.49 


25 - 250 - 100 - 3
gals-1627486822/
25 // 1-8 // 9-16 // 17-25
-=-=-=-=-=-=-
CPU=50-110% - TIME=300 - N=25 - FPS=100 - MS_PER_EVT=6250 - MS=7500000
gals-1627486822/
Frames   (n):  762759  (30510 vs 30000 expected per machine)
Events   (n):    1186  (1200 expected)
RTT     (ms):   11.03
Latency (fr):    6.02
Drift   (ms):  280045  3.73%
Freeze  (fr):   26618  3.49%
Late    (ms):  185976  2.48%
XXX ; gals-1627486822/ ; 50-110% ; 300 ; 25 ; 100 ; 6250 ; 7500000 ; 762759 ; 1186 ;   11.03 ;    6.02 ; 280045;3.73 ; 26618;3.49 ; 185976;2.48 


