25 - 5000 - 10 - 1
gals-1627499538/
25 // 1-8 // 9-16 // 17-25
-=-=-=-=-=-=-
CPU=50-110% - TIME=300 - N=25 - FPS=10 - MS_PER_EVT=125000 - MS=7500000
gals-1627499538/
Frames   (n):   74587  (2983 vs 3000 expected per machine)
Events   (n):      50  (60 expected)
RTT     (ms):  115.17
Latency (fr):    5.74
Drift   (ms):   39460  0.53%
Freeze  (fr):     197  0.26%
Late    (ms):   20108  0.27%
XXX ; gals-1627499538/ ; 50-110% ; 300 ; 25 ; 10 ; 125000 ; 7500000 ; 74587 ; 50 ;  115.17 ;    5.74 ; 39460;0.53 ; 197;0.26 ; 20108;0.27 


25 - 5000 - 25 - 1
gals-1627499848/
25 // 1-8 // 9-16 // 17-25
-=-=-=-=-=-=-
CPU=50-110% - TIME=300 - N=25 - FPS=25 - MS_PER_EVT=125000 - MS=7500000
gals-1627499848/
Frames   (n):  187853  (7514 vs 7500 expected per machine)
Events   (n):      50  (60 expected)
RTT     (ms):  173.83
Latency (fr):   14.62
Drift   (ms):  109176  1.46%
Freeze  (fr):     415  0.22%
Late    (ms):   53173  0.71%
XXX ; gals-1627499848/ ; 50-110% ; 300 ; 25 ; 25 ; 125000 ; 7500000 ; 187853 ; 50 ;  173.83 ;   14.62 ; 109176;1.46 ; 415;0.22 ; 53173;0.71 


25 - 5000 - 50 - 1
gals-1627500159/
25 // 1-8 // 9-16 // 17-25
-=-=-=-=-=-=-
CPU=50-110% - TIME=300 - N=25 - FPS=50 - MS_PER_EVT=125000 - MS=7500000
gals-1627500159/
Frames   (n):  375996  (15039 vs 15000 expected per machine)
Events   (n):      50  (60 expected)
RTT     (ms):  128.05
Latency (fr):   21.76
Drift   (ms):  128993  1.72%
Freeze  (fr):    1923  0.51%
Late    (ms):  102127  1.36%
XXX ; gals-1627500159/ ; 50-110% ; 300 ; 25 ; 50 ; 125000 ; 7500000 ; 375996 ; 50 ;  128.05 ;   21.76 ; 128993;1.72 ; 1923;0.51 ; 102127;1.36 


25 - 5000 - 100 - 1
gals-1627500470/
25 // 1-8 // 9-16 // 17-25
-=-=-=-=-=-=-
CPU=50-110% - TIME=300 - N=25 - FPS=100 - MS_PER_EVT=125000 - MS=7500000
gals-1627500470/
Frames   (n):  750848  (30033 vs 30000 expected per machine)
Events   (n):      50  (60 expected)
RTT     (ms):   78.00
Latency (fr):   26.02
Drift   (ms):   93796  1.25%
Freeze  (fr):    2790  0.37%
Late    (ms):  197564  2.63%
XXX ; gals-1627500470/ ; 50-110% ; 300 ; 25 ; 100 ; 125000 ; 7500000 ; 750848 ; 50 ;   78.00 ;   26.02 ; 93796;1.25 ; 2790;0.37 ; 197564;2.63 


25 - 1000 - 10 - 1
gals-1627500784/
25 // 1-8 // 9-16 // 17-25
-=-=-=-=-=-=-
CPU=50-110% - TIME=300 - N=25 - FPS=10 - MS_PER_EVT=25000 - MS=7500000
gals-1627500784/
Frames   (n):   74902  (2996 vs 3000 expected per machine)
Events   (n):     290  (300 expected)
RTT     (ms):   96.81
Latency (fr):    4.98
Drift   (ms):  141157  1.88%
Freeze  (fr):     773  1.03%
Late    (ms):   20852  0.28%
XXX ; gals-1627500784/ ; 50-110% ; 300 ; 25 ; 10 ; 25000 ; 7500000 ; 74902 ; 290 ;   96.81 ;    4.98 ; 141157;1.88 ; 773;1.03 ; 20852;0.28 


25 - 1000 - 25 - 1
gals-1627501094/
25 // 1-8 // 9-16 // 17-25
-=-=-=-=-=-=-
CPU=50-110% - TIME=300 - N=25 - FPS=25 - MS_PER_EVT=25000 - MS=7500000
gals-1627501094/
Frames   (n):  189562  (7582 vs 7500 expected per machine)
Events   (n):     294  (300 expected)
RTT     (ms):   86.83
Latency (fr):    8.96
Drift   (ms):  266821  3.56%
Freeze  (fr):    2298  1.21%
Late    (ms):   55358  0.74%
XXX ; gals-1627501094/ ; 50-110% ; 300 ; 25 ; 25 ; 25000 ; 7500000 ; 189562 ; 294 ;   86.83 ;    8.96 ; 266821;3.56 ; 2298;1.21 ; 55358;0.74 


25 - 1000 - 50 - 1
gals-1627501404/
25 // 1-8 // 9-16 // 17-25
-=-=-=-=-=-=-
CPU=50-110% - TIME=300 - N=25 - FPS=50 - MS_PER_EVT=25000 - MS=7500000
gals-1627501404/
Frames   (n):  381057  (15242 vs 15000 expected per machine)
Events   (n):     294  (300 expected)
RTT     (ms):   90.86
Latency (fr):   16.72
Drift   (ms):  299032  3.99%
Freeze  (fr):    5330  1.40%
Late    (ms):  102143  1.36%
XXX ; gals-1627501404/ ; 50-110% ; 300 ; 25 ; 50 ; 25000 ; 7500000 ; 381057 ; 294 ;   90.86 ;   16.72 ; 299032;3.99 ; 5330;1.40 ; 102143;1.36 


25 - 1000 - 100 - 1
gals-1627501716/
25 // 1-8 // 9-16 // 17-25
-=-=-=-=-=-=-
CPU=50-110% - TIME=300 - N=25 - FPS=100 - MS_PER_EVT=25000 - MS=7500000
gals-1627501716/
Frames   (n):  765812  (30632 vs 30000 expected per machine)
Events   (n):     283  (300 expected)
RTT     (ms):   77.10
Latency (fr):   32.83
Drift   (ms):  444687  5.93%
Freeze  (fr):   14057  1.84%
Late    (ms):  184655  2.46%
XXX ; gals-1627501716/ ; 50-110% ; 300 ; 25 ; 100 ; 25000 ; 7500000 ; 765812 ; 283 ;   77.10 ;   32.83 ; 444687;5.93 ; 14057;1.84 ; 184655;2.46 


25 - 500 - 10 - 1
gals-1627502030/
25 // 1-8 // 9-16 // 17-25
-=-=-=-=-=-=-
CPU=50-110% - TIME=300 - N=25 - FPS=10 - MS_PER_EVT=12500 - MS=7500000
gals-1627502030/
Frames   (n):   75468  (3018 vs 3000 expected per machine)
Events   (n):     567  (600 expected)
RTT     (ms):   80.98
Latency (fr):    5.27
Drift   (ms):  274217  3.66%
Freeze  (fr):     550  0.73%
Late    (ms):   22708  0.30%
XXX ; gals-1627502030/ ; 50-110% ; 300 ; 25 ; 10 ; 12500 ; 7500000 ; 75468 ; 567 ;   80.98 ;    5.27 ; 274217;3.66 ; 550;0.73 ; 22708;0.30 


25 - 500 - 25 - 1
gals-1627502340/
25 // 1-8 // 9-16 // 17-25
-=-=-=-=-=-=-
CPU=50-110% - TIME=300 - N=25 - FPS=25 - MS_PER_EVT=12500 - MS=7500000
gals-1627502340/
Frames   (n):  189787  (7591 vs 7500 expected per machine)
Events   (n):     584  (600 expected)
RTT     (ms):   64.78
Latency (fr):    8.18
Drift   (ms):  381732  5.09%
Freeze  (fr):    2737  1.44%
Late    (ms):   61295  0.82%
XXX ; gals-1627502340/ ; 50-110% ; 300 ; 25 ; 25 ; 12500 ; 7500000 ; 189787 ; 584 ;   64.78 ;    8.18 ; 381732;5.09 ; 2737;1.44 ; 61295;0.82 


25 - 500 - 50 - 1
gals-1627502650/
25 // 1-8 // 9-16 // 17-25
-=-=-=-=-=-=-
CPU=50-110% - TIME=300 - N=25 - FPS=50 - MS_PER_EVT=12500 - MS=7500000
gals-1627502650/
Frames   (n):  382048  (15281 vs 15000 expected per machine)
Events   (n):     587  (600 expected)
RTT     (ms):   75.49
Latency (fr):   15.17
Drift   (ms):  405125  5.40%
Freeze  (fr):    3903  1.02%
Late    (ms):  107920  1.44%
XXX ; gals-1627502650/ ; 50-110% ; 300 ; 25 ; 50 ; 12500 ; 7500000 ; 382048 ; 587 ;   75.49 ;   15.17 ; 405125;5.40 ; 3903;1.02 ; 107920;1.44 


25 - 500 - 100 - 1
gals-1627502961/
25 // 1-8 // 9-16 // 17-25
-=-=-=-=-=-=-
CPU=50-110% - TIME=300 - N=25 - FPS=100 - MS_PER_EVT=12500 - MS=7500000
gals-1627502961/
Frames   (n):  769089  (30763 vs 30000 expected per machine)
Events   (n):     589  (600 expected)
RTT     (ms):  108.00
Latency (fr):   36.14
Drift   (ms):  627940  8.37%
Freeze  (fr):   10120  1.32%
Late    (ms):  186675  2.49%
XXX ; gals-1627502961/ ; 50-110% ; 300 ; 25 ; 100 ; 12500 ; 7500000 ; 769089 ; 589 ;  108.00 ;   36.14 ; 627940;8.37 ; 10120;1.32 ; 186675;2.49 


25 - 250 - 10 - 1
gals-1627503274/
25 // 1-8 // 9-16 // 17-25
-=-=-=-=-=-=-
CPU=50-110% - TIME=300 - N=25 - FPS=10 - MS_PER_EVT=6250 - MS=7500000
gals-1627503274/
Frames   (n):   75493  (3019 vs 3000 expected per machine)
Events   (n):    1183  (1200 expected)
RTT     (ms):  115.25
Latency (fr):    7.12
Drift   (ms):  703657  9.38%
Freeze  (fr):     486  0.64%
Late    (ms):   26520  0.35%
XXX ; gals-1627503274/ ; 50-110% ; 300 ; 25 ; 10 ; 6250 ; 7500000 ; 75493 ; 1183 ;  115.25 ;    7.12 ; 703657;9.38 ; 486;0.64 ; 26520;0.35 


25 - 250 - 25 - 1
gals-1627503584/
25 // 1-8 // 9-16 // 17-25
-=-=-=-=-=-=-
CPU=50-110% - TIME=300 - N=25 - FPS=25 - MS_PER_EVT=6250 - MS=7500000
gals-1627503584/
Frames   (n):  191449  (7657 vs 7500 expected per machine)
Events   (n):    1179  (1200 expected)
RTT     (ms):   82.92
Latency (fr):   10.60
Drift   (ms):  956351  12.75%
Freeze  (fr):    4571  2.39%
Late    (ms):   70208  0.94%
XXX ; gals-1627503584/ ; 50-110% ; 300 ; 25 ; 25 ; 6250 ; 7500000 ; 191449 ; 1179 ;   82.92 ;   10.60 ; 956351;12.75 ; 4571;2.39 ; 70208;0.94 


25 - 250 - 50 - 1
gals-1627503893/
25 // 1-8 // 9-16 // 17-25
-=-=-=-=-=-=-
CPU=50-110% - TIME=300 - N=25 - FPS=50 - MS_PER_EVT=6250 - MS=7500000
gals-1627503893/
Frames   (n):  384633  (15385 vs 15000 expected per machine)
Events   (n):    1159  (1200 expected)
RTT     (ms):   76.41
Latency (fr):   17.10
Drift   (ms):  918471  12.25%
Freeze  (fr):    7700  2.00%
Late    (ms):  115940  1.55%
XXX ; gals-1627503893/ ; 50-110% ; 300 ; 25 ; 50 ; 6250 ; 7500000 ; 384633 ; 1159 ;   76.41 ;   17.10 ; 918471;12.25 ; 7700;2.00 ; 115940;1.55 


25 - 250 - 100 - 1
gals-1627504204/
25 // 1-8 // 9-16 // 17-25
-=-=-=-=-=-=-
CPU=50-110% - TIME=300 - N=25 - FPS=100 - MS_PER_EVT=6250 - MS=7500000
gals-1627504204/
Frames   (n):  776879  (31075 vs 30000 expected per machine)
Events   (n):    1181  (1200 expected)
RTT     (ms):   72.61
Latency (fr):   33.77
Drift   (ms): 1237595  16.50%
Freeze  (fr):   17890  2.30%
Late    (ms):  188034  2.51%
XXX ; gals-1627504204/ ; 50-110% ; 300 ; 25 ; 100 ; 6250 ; 7500000 ; 776879 ; 1181 ;   72.61 ;   33.77 ; 1237595;16.50 ; 17890;2.30 ; 188034;2.51 


25 - 5000 - 10 - 2
gals-1627504518/
25 // 1-8 // 9-16 // 17-25
-=-=-=-=-=-=-
CPU=50-110% - TIME=300 - N=25 - FPS=10 - MS_PER_EVT=125000 - MS=7500000
gals-1627504518/
Frames   (n):   74525  (2981 vs 3000 expected per machine)
Events   (n):      57  (60 expected)
RTT     (ms):   70.47
Latency (fr):    3.86
Drift   (ms):   24034  0.32%
Freeze  (fr):     103  0.14%
Late    (ms):   20445  0.27%
XXX ; gals-1627504518/ ; 50-110% ; 300 ; 25 ; 10 ; 125000 ; 7500000 ; 74525 ; 57 ;   70.47 ;    3.86 ; 24034;0.32 ; 103;0.14 ; 20445;0.27 


25 - 5000 - 25 - 2
gals-1627504826/
25 // 1-8 // 9-16 // 17-25
-=-=-=-=-=-=-
CPU=50-110% - TIME=300 - N=25 - FPS=25 - MS_PER_EVT=125000 - MS=7500000
gals-1627504826/
Frames   (n):  186693  (7467 vs 7500 expected per machine)
Events   (n):      59  (60 expected)
RTT     (ms):   74.69
Latency (fr):    7.02
Drift   (ms):   40072  0.53%
Freeze  (fr):     360  0.19%
Late    (ms):   53600  0.71%
XXX ; gals-1627504826/ ; 50-110% ; 300 ; 25 ; 25 ; 125000 ; 7500000 ; 186693 ; 59 ;   74.69 ;    7.02 ; 40072;0.53 ; 360;0.19 ; 53600;0.71 


25 - 5000 - 50 - 2
gals-1627505136/
25 // 1-8 // 9-16 // 17-25
-=-=-=-=-=-=-
CPU=50-110% - TIME=300 - N=25 - FPS=50 - MS_PER_EVT=125000 - MS=7500000
gals-1627505136/
Frames   (n):  373312  (14932 vs 15000 expected per machine)
Events   (n):      52  (60 expected)
RTT     (ms):   69.63
Latency (fr):   13.23
Drift   (ms):   56493  0.75%
Freeze  (fr):     816  0.22%
Late    (ms):  107344  1.43%
XXX ; gals-1627505136/ ; 50-110% ; 300 ; 25 ; 50 ; 125000 ; 7500000 ; 373312 ; 52 ;   69.63 ;   13.23 ; 56493;0.75 ; 816;0.22 ; 107344;1.43 


25 - 5000 - 100 - 2
gals-1627505448/
25 // 1-8 // 9-16 // 17-25
-=-=-=-=-=-=-
CPU=50-110% - TIME=300 - N=25 - FPS=100 - MS_PER_EVT=125000 - MS=7500000
gals-1627505448/
Frames   (n):  747632  (29905 vs 30000 expected per machine)
Events   (n):      52  (60 expected)
RTT     (ms):   65.61
Latency (fr):   22.96
Drift   (ms):   56485  0.75%
Freeze  (fr):    2538  0.34%
Late    (ms):  201590  2.69%
XXX ; gals-1627505448/ ; 50-110% ; 300 ; 25 ; 100 ; 125000 ; 7500000 ; 747632 ; 52 ;   65.61 ;   22.96 ; 56485;0.75 ; 2538;0.34 ; 201590;2.69 


25 - 1000 - 10 - 2
gals-1627505761/
25 // 1-8 // 9-16 // 17-25
-=-=-=-=-=-=-
CPU=50-110% - TIME=300 - N=25 - FPS=10 - MS_PER_EVT=25000 - MS=7500000
gals-1627505761/
Frames   (n):   74809  (2992 vs 3000 expected per machine)
Events   (n):     288  (300 expected)
RTT     (ms):   83.00
Latency (fr):    4.25
Drift   (ms):   82340  1.10%
Freeze  (fr):     203  0.27%
Late    (ms):   21182  0.28%
XXX ; gals-1627505761/ ; 50-110% ; 300 ; 25 ; 10 ; 25000 ; 7500000 ; 74809 ; 288 ;   83.00 ;    4.25 ; 82340;1.10 ; 203;0.27 ; 21182;0.28 


25 - 1000 - 25 - 2
gals-1627506070/
25 // 1-8 // 9-16 // 17-25
-=-=-=-=-=-=-
CPU=50-110% - TIME=300 - N=25 - FPS=25 - MS_PER_EVT=25000 - MS=7500000
gals-1627506070/
Frames   (n):  188507  (7540 vs 7500 expected per machine)
Events   (n):     286  (300 expected)
RTT     (ms):   72.29
Latency (fr):    8.35
Drift   (ms):  189229  2.52%
Freeze  (fr):    1948  1.03%
Late    (ms):   56476  0.75%
XXX ; gals-1627506070/ ; 50-110% ; 300 ; 25 ; 25 ; 25000 ; 7500000 ; 188507 ; 286 ;   72.29 ;    8.35 ; 189229;2.52 ; 1948;1.03 ; 56476;0.75 


25 - 1000 - 50 - 2
gals-1627506380/
25 // 1-8 // 9-16 // 17-25
-=-=-=-=-=-=-
CPU=50-110% - TIME=300 - N=25 - FPS=50 - MS_PER_EVT=25000 - MS=7500000
gals-1627506380/
Frames   (n):  377127  (15085 vs 15000 expected per machine)
Events   (n):     292  (300 expected)
RTT     (ms):   61.59
Latency (fr):   11.48
Drift   (ms):  160480  2.14%
Freeze  (fr):    3151  0.84%
Late    (ms):  106708  1.42%
XXX ; gals-1627506380/ ; 50-110% ; 300 ; 25 ; 50 ; 25000 ; 7500000 ; 377127 ; 292 ;   61.59 ;   11.48 ; 160480;2.14 ; 3151;0.84 ; 106708;1.42 


25 - 1000 - 100 - 2
gals-1627506691/
25 // 1-8 // 9-16 // 17-25
-=-=-=-=-=-=-
CPU=50-110% - TIME=300 - N=25 - FPS=100 - MS_PER_EVT=25000 - MS=7500000
gals-1627506691/
Frames   (n):  758208  (30328 vs 30000 expected per machine)
Events   (n):     301  (300 expected)
RTT     (ms):   73.59
Latency (fr):   25.89
Drift   (ms):  251222  3.35%
Freeze  (fr):    6838  0.90%
Late    (ms):  190878  2.55%
XXX ; gals-1627506691/ ; 50-110% ; 300 ; 25 ; 100 ; 25000 ; 7500000 ; 758208 ; 301 ;   73.59 ;   25.89 ; 251222;3.35 ; 6838;0.90 ; 190878;2.55 


25 - 500 - 10 - 2
gals-1627507005/
25 // 1-8 // 9-16 // 17-25
-=-=-=-=-=-=-
CPU=50-110% - TIME=300 - N=25 - FPS=10 - MS_PER_EVT=12500 - MS=7500000
gals-1627507005/
Frames   (n):   75033  (3001 vs 3000 expected per machine)
Events   (n):     551  (600 expected)
RTT     (ms):   60.95
Latency (fr):    4.47
Drift   (ms):  242613  3.23%
Freeze  (fr):     518  0.69%
Late    (ms):   22997  0.31%
XXX ; gals-1627507005/ ; 50-110% ; 300 ; 25 ; 10 ; 12500 ; 7500000 ; 75033 ; 551 ;   60.95 ;    4.47 ; 242613;3.23 ; 518;0.69 ; 22997;0.31 


25 - 500 - 25 - 2
gals-1627507314/
25 // 1-8 // 9-16 // 17-25
-=-=-=-=-=-=-
CPU=50-110% - TIME=300 - N=25 - FPS=25 - MS_PER_EVT=12500 - MS=7500000
gals-1627507314/
Frames   (n):  189104  (7564 vs 7500 expected per machine)
Events   (n):     609  (600 expected)
RTT     (ms):   75.81
Latency (fr):    7.94
Drift   (ms):  289011  3.85%
Freeze  (fr):    1557  0.82%
Late    (ms):   61852  0.82%
XXX ; gals-1627507314/ ; 50-110% ; 300 ; 25 ; 25 ; 12500 ; 7500000 ; 189104 ; 609 ;   75.81 ;    7.94 ; 289011;3.85 ; 1557;0.82 ; 61852;0.82 


25 - 500 - 50 - 2
gals-1627507624/
25 // 1-8 // 9-16 // 17-25
-=-=-=-=-=-=-
CPU=50-110% - TIME=300 - N=25 - FPS=50 - MS_PER_EVT=12500 - MS=7500000
gals-1627507624/
Frames   (n):  379417  (15176 vs 15000 expected per machine)
Events   (n):     579  (600 expected)
RTT     (ms):   68.53
Latency (fr):   13.84
Drift   (ms):  334494  4.46%
Freeze  (fr):    4607  1.21%
Late    (ms):  110389  1.47%
XXX ; gals-1627507624/ ; 50-110% ; 300 ; 25 ; 50 ; 12500 ; 7500000 ; 379417 ; 579 ;   68.53 ;   13.84 ; 334494;4.46 ; 4607;1.21 ; 110389;1.47 


25 - 500 - 100 - 2
gals-1627507935/
25 // 1-8 // 9-16 // 17-25
-=-=-=-=-=-=-
CPU=50-110% - TIME=300 - N=25 - FPS=100 - MS_PER_EVT=12500 - MS=7500000
gals-1627507935/
Frames   (n):  764543  (30581 vs 30000 expected per machine)
Events   (n):     567  (600 expected)
RTT     (ms):   76.20
Latency (fr):   26.25
Drift   (ms):  439420  5.86%
Freeze  (fr):    8374  1.10%
Late    (ms):  189615  2.53%
XXX ; gals-1627507935/ ; 50-110% ; 300 ; 25 ; 100 ; 12500 ; 7500000 ; 764543 ; 567 ;   76.20 ;   26.25 ; 439420;5.86 ; 8374;1.10 ; 189615;2.53 


25 - 250 - 10 - 2
gals-1627508248/
25 // 1-8 // 9-16 // 17-25
-=-=-=-=-=-=-
CPU=50-110% - TIME=300 - N=25 - FPS=10 - MS_PER_EVT=6250 - MS=7500000
gals-1627508248/
Frames   (n):   75010  (3000 vs 3000 expected per machine)
Events   (n):    1206  (1200 expected)
RTT     (ms):   90.86
Latency (fr):    5.76
Drift   (ms):  357267  4.76%
Freeze  (fr):     412  0.55%
Late    (ms):   27275  0.36%
XXX ; gals-1627508248/ ; 50-110% ; 300 ; 25 ; 10 ; 6250 ; 7500000 ; 75010 ; 1206 ;   90.86 ;    5.76 ; 357267;4.76 ; 412;0.55 ; 27275;0.36 


25 - 250 - 25 - 2
gals-1627508558/
25 // 1-8 // 9-16 // 17-25
-=-=-=-=-=-=-
CPU=50-110% - TIME=300 - N=25 - FPS=25 - MS_PER_EVT=6250 - MS=7500000
gals-1627508558/
Frames   (n):  189962  (7598 vs 7500 expected per machine)
Events   (n):    1136  (1200 expected)
RTT     (ms):   68.00
Latency (fr):    8.62
Drift   (ms):  554911  7.40%
Freeze  (fr):    2557  1.35%
Late    (ms):   71194  0.95%
XXX ; gals-1627508558/ ; 50-110% ; 300 ; 25 ; 25 ; 6250 ; 7500000 ; 189962 ; 1136 ;   68.00 ;    8.62 ; 554911;7.40 ; 2557;1.35 ; 71194;0.95 


25 - 250 - 50 - 2
gals-1627508868/
25 // 1-8 // 9-16 // 17-25
-=-=-=-=-=-=-
CPU=50-110% - TIME=300 - N=25 - FPS=50 - MS_PER_EVT=6250 - MS=7500000
gals-1627508868/
Frames   (n):  385865  (15434 vs 15000 expected per machine)
Events   (n):    1180  (1200 expected)
RTT     (ms):  108.42
Latency (fr):   27.82
Drift   (ms): 1687249  22.50%
Freeze  (fr):    4316  1.12%
Late    (ms):  114659  1.53%
XXX ; gals-1627508868/ ; 50-110% ; 300 ; 25 ; 50 ; 6250 ; 7500000 ; 385865 ; 1180 ;  108.42 ;   27.82 ; 1687249;22.50 ; 4316;1.12 ; 114659;1.53 


25 - 250 - 100 - 2
gals-1627509180/
25 // 1-8 // 9-16 // 17-25
-=-=-=-=-=-=-
CPU=50-110% - TIME=300 - N=25 - FPS=100 - MS_PER_EVT=6250 - MS=7500000
gals-1627509180/
Frames   (n):  777589  (31103 vs 30000 expected per machine)
Events   (n):    1178  (1200 expected)
RTT     (ms):  121.76
Latency (fr):   62.63
Drift   (ms): 2184325  29.12%
Freeze  (fr):    9897  1.27%
Late    (ms):  187792  2.50%
XXX ; gals-1627509180/ ; 50-110% ; 300 ; 25 ; 100 ; 6250 ; 7500000 ; 777589 ; 1178 ;  121.76 ;   62.63 ; 2184325;29.12 ; 9897;1.27 ; 187792;2.50 


25 - 5000 - 10 - 3
gals-1627509495/
25 // 1-8 // 9-16 // 17-25
-=-=-=-=-=-=-
CPU=50-110% - TIME=300 - N=25 - FPS=10 - MS_PER_EVT=125000 - MS=7500000
gals-1627509495/
Frames   (n):   74416  (2976 vs 3000 expected per machine)
Events   (n):      49  (60 expected)
RTT     (ms):   88.36
Latency (fr):    4.73
Drift   (ms):   21284  0.28%
Freeze  (fr):      96  0.13%
Late    (ms):   20085  0.27%
XXX ; gals-1627509495/ ; 50-110% ; 300 ; 25 ; 10 ; 125000 ; 7500000 ; 74416 ; 49 ;   88.36 ;    4.73 ; 21284;0.28 ; 96;0.13 ; 20085;0.27 


25 - 5000 - 25 - 3
gals-1627509805/
25 // 1-8 // 9-16 // 17-25
-=-=-=-=-=-=-
CPU=50-110% - TIME=300 - N=25 - FPS=25 - MS_PER_EVT=125000 - MS=7500000
gals-1627509805/
Frames   (n):  186614  (7464 vs 7500 expected per machine)
Events   (n):      50  (60 expected)
RTT     (ms):   68.88
Latency (fr):    7.40
Drift   (ms):   50870  0.68%
Freeze  (fr):     478  0.26%
Late    (ms):   53798  0.72%
XXX ; gals-1627509805/ ; 50-110% ; 300 ; 25 ; 25 ; 125000 ; 7500000 ; 186614 ; 50 ;   68.88 ;    7.40 ; 50870;0.68 ; 478;0.26 ; 53798;0.72 


25 - 5000 - 50 - 3
gals-1627510116/
25 // 1-8 // 9-16 // 17-25
-=-=-=-=-=-=-
CPU=50-110% - TIME=300 - N=25 - FPS=50 - MS_PER_EVT=125000 - MS=7500000
gals-1627510116/
Frames   (n):  373166  (14926 vs 15000 expected per machine)
Events   (n):      44  (60 expected)
RTT     (ms):   74.19
Latency (fr):   15.30
Drift   (ms):   47686  0.64%
Freeze  (fr):     955  0.26%
Late    (ms):  108362  1.44%
XXX ; gals-1627510116/ ; 50-110% ; 300 ; 25 ; 50 ; 125000 ; 7500000 ; 373166 ; 44 ;   74.19 ;   15.30 ; 47686;0.64 ; 955;0.26 ; 108362;1.44 


25 - 5000 - 100 - 3
gals-1627510427/
25 // 1-8 // 9-16 // 17-25
-=-=-=-=-=-=-
CPU=50-110% - TIME=300 - N=25 - FPS=100 - MS_PER_EVT=125000 - MS=7500000
gals-1627510427/
Frames   (n):  745480  (29819 vs 30000 expected per machine)
Events   (n):      54  (60 expected)
RTT     (ms):   79.03
Latency (fr):   27.76
Drift   (ms):   56077  0.75%
Freeze  (fr):    2651  0.36%
Late    (ms):  199092  2.65%
XXX ; gals-1627510427/ ; 50-110% ; 300 ; 25 ; 100 ; 125000 ; 7500000 ; 745480 ; 54 ;   79.03 ;   27.76 ; 56077;0.75 ; 2651;0.36 ; 199092;2.65 


25 - 1000 - 10 - 3
gals-1627510741/
25 // 1-8 // 9-16 // 17-25
-=-=-=-=-=-=-
CPU=50-110% - TIME=300 - N=25 - FPS=10 - MS_PER_EVT=25000 - MS=7500000
gals-1627510741/
Frames   (n):   74659  (2986 vs 3000 expected per machine)
Events   (n):     284  (300 expected)
RTT     (ms):  115.41
Latency (fr):    5.44
Drift   (ms):   71695  0.96%
Freeze  (fr):      47  0.06%
Late    (ms):   21714  0.29%
XXX ; gals-1627510741/ ; 50-110% ; 300 ; 25 ; 10 ; 25000 ; 7500000 ; 74659 ; 284 ;  115.41 ;    5.44 ; 71695;0.96 ; 47;0.06 ; 21714;0.29 


25 - 1000 - 25 - 3
gals-1627511050/
25 // 1-8 // 9-16 // 17-25
-=-=-=-=-=-=-
CPU=50-110% - TIME=300 - N=25 - FPS=25 - MS_PER_EVT=25000 - MS=7500000
gals-1627511050/
Frames   (n):  187845  (7513 vs 7500 expected per machine)
Events   (n):     289  (300 expected)
RTT     (ms):   81.97
Latency (fr):    7.61
Drift   (ms):  135233  1.80%
Freeze  (fr):     918  0.49%
Late    (ms):   57568  0.77%
XXX ; gals-1627511050/ ; 50-110% ; 300 ; 25 ; 25 ; 25000 ; 7500000 ; 187845 ; 289 ;   81.97 ;    7.61 ; 135233;1.80 ; 918;0.49 ; 57568;0.77 


25 - 1000 - 50 - 3
gals-1627511360/
25 // 1-8 // 9-16 // 17-25
-=-=-=-=-=-=-
CPU=50-110% - TIME=300 - N=25 - FPS=50 - MS_PER_EVT=25000 - MS=7500000
gals-1627511360/
Frames   (n):  383816  (15352 vs 15000 expected per machine)
Events   (n):     290  (300 expected)
RTT     (ms):  156.93
Latency (fr):   45.70
Drift   (ms):  646969  8.63%
Freeze  (fr):   10264  2.67%
Late    (ms):  100111  1.33%
XXX ; gals-1627511360/ ; 50-110% ; 300 ; 25 ; 50 ; 25000 ; 7500000 ; 383816 ; 290 ;  156.93 ;   45.70 ; 646969;8.63 ; 10264;2.67 ; 100111;1.33 


25 - 1000 - 100 - 3
gals-1627511672/
25 // 1-8 // 9-16 // 17-25
-=-=-=-=-=-=-
CPU=50-110% - TIME=300 - N=25 - FPS=100 - MS_PER_EVT=25000 - MS=7500000
gals-1627511672/
Frames   (n):  769226  (30769 vs 30000 expected per machine)
Events   (n):     287  (300 expected)
RTT     (ms):  219.07
Latency (fr):   58.65
Drift   (ms):  614947  8.20%
Freeze  (fr):   18524  2.41%
Late    (ms):       0  0.00%
XXX ; gals-1627511672/ ; 50-110% ; 300 ; 25 ; 100 ; 25000 ; 7500000 ; 769226 ; 287 ;  219.07 ;   58.65 ; 614947;8.20 ; 18524;2.41 ; 0;0.00 


25 - 500 - 10 - 3
gals-1627511986/
25 // 1-8 // 9-16 // 17-25
-=-=-=-=-=-=-
CPU=50-110% - TIME=300 - N=25 - FPS=10 - MS_PER_EVT=12500 - MS=7500000
gals-1627511986/
Frames   (n):   75857  (3034 vs 3000 expected per machine)
Events   (n):     594  (600 expected)
RTT     (ms):  100.75
Latency (fr):    7.83
Drift   (ms):  581787  7.76%
Freeze  (fr):    1125  1.48%
Late    (ms):   22058  0.29%
XXX ; gals-1627511986/ ; 50-110% ; 300 ; 25 ; 10 ; 12500 ; 7500000 ; 75857 ; 594 ;  100.75 ;    7.83 ; 581787;7.76 ; 1125;1.48 ; 22058;0.29 


25 - 500 - 25 - 3
gals-1627512296/
25 // 1-8 // 9-16 // 17-25
-=-=-=-=-=-=-
CPU=50-110% - TIME=300 - N=25 - FPS=25 - MS_PER_EVT=12500 - MS=7500000
gals-1627512296/
Frames   (n):  193114  (7724 vs 7500 expected per machine)
Events   (n):     583  (600 expected)
RTT     (ms):  132.64
Latency (fr):   22.23
Drift   (ms): 1290092  17.20%
Freeze  (fr):    5270  2.73%
Late    (ms):   56806  0.76%
XXX ; gals-1627512296/ ; 50-110% ; 300 ; 25 ; 25 ; 12500 ; 7500000 ; 193114 ; 583 ;  132.64 ;   22.23 ; 1290092;17.20 ; 5270;2.73 ; 56806;0.76 


25 - 500 - 50 - 3
gals-1627512608/
25 // 1-8 // 9-16 // 17-25
-=-=-=-=-=-=-
CPU=50-110% - TIME=300 - N=25 - FPS=50 - MS_PER_EVT=12500 - MS=7500000
gals-1627512608/
Frames   (n):  388375  (15535 vs 15000 expected per machine)
Events   (n):     570  (600 expected)
RTT     (ms):  248.66
Latency (fr):   51.49
Drift   (ms): 1683303  22.44%
Freeze  (fr):   13993  3.60%
Late    (ms):   98797  1.32%
XXX ; gals-1627512608/ ; 50-110% ; 300 ; 25 ; 50 ; 12500 ; 7500000 ; 388375 ; 570 ;  248.66 ;   51.49 ; 1683303;22.44 ; 13993;3.60 ; 98797;1.32 


25 - 500 - 100 - 3
gals-1627512920/
25 // 1-8 // 9-16 // 17-25
-=-=-=-=-=-=-
CPU=50-110% - TIME=300 - N=25 - FPS=100 - MS_PER_EVT=12500 - MS=7500000
gals-1627512920/
Frames   (n):  775428  (31017 vs 30000 expected per machine)
Events   (n):     590  (600 expected)
RTT     (ms):  255.76
Latency (fr):  126.12
Drift   (ms): 2320463  30.94%
Freeze  (fr):   29287  3.78%
Late    (ms):  176126  2.35%
XXX ; gals-1627512920/ ; 50-110% ; 300 ; 25 ; 100 ; 12500 ; 7500000 ; 775428 ; 590 ;  255.76 ;  126.12 ; 2320463;30.94 ; 29287;3.78 ; 176126;2.35 


25 - 250 - 10 - 3
gals-1627513234/
25 // 1-8 // 9-16 // 17-25
-=-=-=-=-=-=-
CPU=50-110% - TIME=300 - N=25 - FPS=10 - MS_PER_EVT=6250 - MS=7500000
gals-1627513234/
Frames   (n):   74558  (2982 vs 3000 expected per machine)
Events   (n):    1136  (1200 expected)
RTT     (ms):  192.77
Latency (fr):  157.58
Drift   (ms): 8560433  114.14%
Freeze  (fr):     472  0.63%
Late    (ms):   28298  0.38%
XXX ; gals-1627513234/ ; 50-110% ; 300 ; 25 ; 10 ; 6250 ; 7500000 ; 74558 ; 1136 ;  192.77 ;  157.58 ; 8560433;114.14 ; 472;0.63 ; 28298;0.38 


25 - 250 - 25 - 3
gals-1627513545/
25 // 1-8 // 9-16 // 17-25
-=-=-=-=-=-=-
CPU=50-110% - TIME=300 - N=25 - FPS=25 - MS_PER_EVT=6250 - MS=7500000
gals-1627513545/
Frames   (n):  189165  (7566 vs 7500 expected per machine)
Events   (n):    1178  (1200 expected)
RTT     (ms):  152.19
Latency (fr):   39.23
Drift   (ms): 4162403  55.50%
Freeze  (fr):    6168  3.26%
Late    (ms):   73374  0.98%
XXX ; gals-1627513545/ ; 50-110% ; 300 ; 25 ; 25 ; 6250 ; 7500000 ; 189165 ; 1178 ;  152.19 ;   39.23 ; 4162403;55.50 ; 6168;3.26 ; 73374;0.98 


25 - 250 - 50 - 3
gals-1627513857/
25 // 1-8 // 9-16 // 17-25
-=-=-=-=-=-=-
CPU=50-110% - TIME=300 - N=25 - FPS=50 - MS_PER_EVT=6250 - MS=7500000
gals-1627513857/
Frames   (n):  386637  (15465 vs 15000 expected per machine)
Events   (n):    1152  (1200 expected)
RTT     (ms):  123.00
Latency (fr):   51.09
Drift   (ms): 3449719  46.00%
Freeze  (fr):   14727  3.81%
Late    (ms):  113254  1.51%
XXX ; gals-1627513857/ ; 50-110% ; 300 ; 25 ; 50 ; 6250 ; 7500000 ; 386637 ; 1152 ;  123.00 ;   51.09 ; 3449719;46.00 ; 14727;3.81 ; 113254;1.51 


25 - 250 - 100 - 3
gals-1627514169/
25 // 1-8 // 9-16 // 17-25
-=-=-=-=-=-=-
CPU=50-110% - TIME=300 - N=25 - FPS=100 - MS_PER_EVT=6250 - MS=7500000
gals-1627514169/
Frames   (n):  773510  (30940 vs 30000 expected per machine)
Events   (n):    1174  (1200 expected)
RTT     (ms):  128.47
Latency (fr):  110.99
Drift   (ms): 4461307  59.48%
Freeze  (fr):   30981  4.01%
Late    (ms):  192505  2.57%
XXX ; gals-1627514169/ ; 50-110% ; 300 ; 25 ; 100 ; 6250 ; 7500000 ; 773510 ; 1174 ;  128.47 ;  110.99 ; 4461307;59.48 ; 30981;4.01 ; 192505;2.57 


